Log file open, 11/17/20 14:31:24
LogWindows: Failed to load 'aqProf.dll' (GetLastError=126)
LogWindows: File 'aqProf.dll' does not exist
LogWindows: Failed to load 'VSPerf140.dll' (GetLastError=126)
LogWindows: File 'VSPerf140.dll' does not exist
LogWindows: Failed to load 'VtuneApi.dll' (GetLastError=126)
LogWindows: File 'VtuneApi.dll' does not exist
LogWindows: Failed to load 'VtuneApi32e.dll' (GetLastError=126)
LogWindows: File 'VtuneApi32e.dll' does not exist
LogInit: Display: Running engine for game: WojciechSwierk
LogPlatformFile: Not using cached read wrapper
LogTaskGraph: Started task graph with 5 named threads and 11 total threads with 3 sets of task threads.
LogStats: Stats thread started at 0.656417
LogD3D11RHI: Loaded GFSDK_Aftermath_Lib.x64.dll
LogICUInternationalization: Display: ICU TimeZone Detection - Raw Offset: +1:00, Platform Override: ''
LogPluginManager: Mounting plugin Paper2D
LogPluginManager: Mounting plugin AISupport
LogPluginManager: Mounting plugin LightPropagationVolume
LogPluginManager: Mounting plugin CLionSourceCodeAccess
LogPluginManager: Mounting plugin CodeLiteSourceCodeAccess
LogPluginManager: Mounting plugin GitSourceControl
LogPluginManager: Mounting plugin KDevelopSourceCodeAccess
LogPluginManager: Mounting plugin NullSourceCodeAccess
LogPluginManager: Mounting plugin PerforceSourceControl
LogPluginManager: Mounting plugin SubversionSourceControl
LogPluginManager: Mounting plugin UObjectPlugin
LogPluginManager: Mounting plugin VisualStudioCodeSourceCodeAccess
LogPluginManager: Mounting plugin VisualStudioSourceCodeAccess
LogPluginManager: Mounting plugin XCodeSourceCodeAccess
LogPluginManager: Mounting plugin AssetManagerEditor
LogPluginManager: Mounting plugin CryptoKeys
LogPluginManager: Mounting plugin DataValidation
LogPluginManager: Mounting plugin FacialAnimation
LogPluginManager: Mounting plugin GameplayTagsEditor
LogPluginManager: Mounting plugin MacGraphicsSwitching
LogPluginManager: Mounting plugin MeshEditor
LogPluginManager: Mounting plugin MobileLauncherProfileWizard
LogPluginManager: Mounting plugin PluginBrowser
LogPluginManager: Mounting plugin SpeedTreeImporter
LogPluginManager: Mounting plugin DatasmithContent
LogPluginManager: Mounting plugin AlembicImporter
LogPluginManager: Mounting plugin AppleImageUtils
LogPluginManager: Mounting plugin AppleVision
LogPluginManager: Mounting plugin BackChannel
LogPluginManager: Mounting plugin CharacterAI
LogPluginManager: Mounting plugin GeometryCache
LogPluginManager: Mounting plugin HTML5Networking
LogPluginManager: Mounting plugin ProxyLODPlugin
LogPluginManager: Mounting plugin MagicLeap
LogPluginManager: Mounting plugin MagicLeapEmulator
LogPluginManager: Mounting plugin MagicLeapMedia
LogPluginManager: Mounting plugin AndroidMedia
LogPluginManager: Mounting plugin AvfMedia
LogPluginManager: Mounting plugin ImgMedia
LogPluginManager: Mounting plugin LinearTimecode
LogPluginManager: Mounting plugin MediaCompositing
LogPluginManager: Mounting plugin MediaPlayerEditor
LogPluginManager: Mounting plugin WmfMedia
LogPluginManager: Mounting plugin TcpMessaging
LogPluginManager: Mounting plugin UdpMessaging
LogPluginManager: Mounting plugin ActorSequence
LogPluginManager: Mounting plugin LevelSequenceEditor
LogPluginManager: Mounting plugin MatineeToLevelSequence
LogPluginManager: Mounting plugin NetcodeUnitTest
LogPluginManager: Mounting plugin NUTUnrealEngine4
LogPluginManager: Mounting plugin OnlineSubsystemGooglePlay
LogPluginManager: Mounting plugin OnlineSubsystemIOS
LogPluginManager: Mounting plugin OnlineSubsystem
LogPluginManager: Mounting plugin OnlineSubsystemNull
LogPluginManager: Mounting plugin OnlineSubsystemUtils
LogPluginManager: Mounting plugin LauncherChunkInstaller
LogPluginManager: Mounting plugin AndroidDeviceProfileSelector
LogPluginManager: Mounting plugin AndroidMoviePlayer
LogPluginManager: Mounting plugin AndroidPermission
LogPluginManager: Mounting plugin AppleMoviePlayer
LogPluginManager: Mounting plugin ArchVisCharacter
LogPluginManager: Mounting plugin AudioCapture
LogPluginManager: Mounting plugin CableComponent
LogPluginManager: Mounting plugin CustomMeshComponent
LogPluginManager: Mounting plugin EditableMesh
LogPluginManager: Mounting plugin ExampleDeviceProfileSelector
LogPluginManager: Mounting plugin GoogleCloudMessaging
LogPluginManager: Mounting plugin ImmediatePhysics
LogPluginManager: Mounting plugin IOSDeviceProfileSelector
LogPluginManager: Mounting plugin LinuxDeviceProfileSelector
LogPluginManager: Mounting plugin LocationServicesBPLibrary
LogPluginManager: Mounting plugin MobilePatchingUtils
LogPluginManager: Mounting plugin OculusVR
LogPluginManager: Plugin shader directory ../../../Engine/Plugins/Runtime/Oculus/OculusVR/Shaders found
LogPluginManager: Mapping shader source directory ../../../Engine/Plugins/Runtime/Oculus/OculusVR/Shaders to virtual directory /Plugin/OculusVR
LogPluginManager: Mounting plugin PhysXVehicles
LogPluginManager: Mounting plugin ProceduralMeshComponent
LogPluginManager: Mounting plugin RuntimePhysXCooking
LogPluginManager: Mounting plugin SteamVR
LogPluginManager: Mounting plugin WindowsMoviePlayer
LogStreaming: Display: Took  0.334s to configure plugins.
LogInit: Using libcurl 7.55.1-DEV
LogInit:  - built for x86_64-pc-win32
LogInit:  - supports SSL with OpenSSL/1.0.2h
LogInit:  - supports HTTP deflate (compression) using libz 1.2.8
LogInit:  - other features:
LogInit:      CURL_VERSION_SSL
LogInit:      CURL_VERSION_LIBZ
LogInit:      CURL_VERSION_IPV6
LogInit:      CURL_VERSION_ASYNCHDNS
LogInit:      CURL_VERSION_LARGEFILE
LogInit:      CURL_VERSION_IDN
LogInit:  CurlRequestOptions (configurable via config and command line):
LogInit:  - bVerifyPeer = false  - Libcurl will NOT verify peer certificate
LogInit:  - bUseHttpProxy = false  - Libcurl will NOT use HTTP proxy
LogInit:  - bDontReuseConnections = false  - Libcurl will reuse connections
LogInit:  - CertBundlePath = nullptr  - Libcurl will use whatever was configured at build time.
LogInit:  - MaxHostConnections = 16  - Libcurl will limit the number of connections to a host
LogInit:  - LocalHostAddr = Default
LogInit:  - BufferSize = 65536
LogInit: WinSock: version 1.1 (2.2), MaxSocks=32767, MaxUdp=65467
LogInit: Build: ++UE4+Release-4.20-CL-4369336
LogInit: Engine Version: 4.20.3-4369336+++UE4+Release-4.20
LogInit: Compatible Engine Version: 4.20.0-4212847+++UE4+Release-4.20
LogInit: Net CL: 4212847
LogInit: OS: Windows 10 (), CPU: Intel(R) Core(TM) i5-6200U CPU @ 2.30GHz, GPU: Intel(R) HD Graphics 520
LogInit: Compiled (64-bit): Sep 17 2018 12:26:19
LogInit: Compiled with Visual C++: 19.13.26129.00
LogInit: Build Configuration: Development
LogInit: Branch Name: ++UE4+Release-4.20
LogInit: Command Line: 
LogInit: Base Directory: C:/Program Files/Epic Games/UE_4.20/Engine/Binaries/Win64/
LogInit: Installed Engine Build: 1
LogDevObjectVersion: Number of dev versions registered: 20
LogDevObjectVersion:   Dev-Blueprints (B0D832E4-1F89-4F0D-ACCF-7EB736FD4AA2): 10
LogDevObjectVersion:   Dev-Build (E1C64328-A22C-4D53-A36C-8E866417BD8C): 0
LogDevObjectVersion:   Dev-Core (375EC13C-06E4-48FB-B500-84F0262A717E): 2
LogDevObjectVersion:   Dev-Editor (E4B068ED-F494-42E9-A231-DA0B2E46BB41): 24
LogDevObjectVersion:   Dev-Framework (CFFC743F-43B0-4480-9391-14DF171D2073): 34
LogDevObjectVersion:   Dev-Mobile (B02B49B5-BB20-44E9-A304-32B752E40360): 2
LogDevObjectVersion:   Dev-Networking (A4E4105C-59A1-49B5-A7C5-40C4547EDFEE): 0
LogDevObjectVersion:   Dev-Online (39C831C9-5AE6-47DC-9A44-9C173E1C8E7C): 0
LogDevObjectVersion:   Dev-Physics (78F01B33-EBEA-4F98-B9B4-84EACCB95AA2): 0
LogDevObjectVersion:   Dev-Platform (6631380F-2D4D-43E0-8009-CF276956A95A): 0
LogDevObjectVersion:   Dev-Rendering (12F88B9F-8875-4AFC-A67C-D90C383ABD29): 26
LogDevObjectVersion:   Dev-Sequencer (7B5AE74C-D270-4C10-A958-57980B212A5A): 9
LogDevObjectVersion:   Dev-VR (D7296918-1DD6-4BDD-9DE2-64A83CC13884): 2
LogDevObjectVersion:   Dev-LoadTimes (C2A15278-BFE7-4AFE-6C17-90FF531DF755): 1
LogDevObjectVersion:   Private-Geometry (6EACA3D4-40EC-4CC1-B786-8BED09428FC5): 3
LogDevObjectVersion:   Dev-AnimPhys (29E575DD-E0A3-4627-9D10-D276232CDCEA): 17
LogDevObjectVersion:   Dev-ReflectionCapture (6B266CEC-1EC7-4B8F-A30B-E4D90942FC07): 1
LogDevObjectVersion:   Dev-Automation (0DF73D61-A23F-47EA-B727-89E90C41499A): 1
LogDevObjectVersion:   FortniteMain (601D1886-AC64-4F84-AA16-D3DE0DEAC7D6): 12
LogDevObjectVersion:   Dev-Enterprise (9DFFBCD6-494F-0158-E221-12823C92A888): 1
LogStreaming: Display: Took  0.002s to delete old logs.
LogInit: Presizing for max 8388607 objects, including 0 objects not considered by GC, pre-allocating 0 bytes for permanent pool.
LogInit: Object subsystem initialized
[2020.11.17-13.31.25:614][  0]LogInit: Selected Device Profile: [Windows]
[2020.11.17-13.31.25:614][  0]LogInit: Applying CVar settings loaded from the selected device profile: [Windows]
[2020.11.17-13.31.25:637][  0]LogHAL: Display: Platform has ~ 8 GB [8476581888 / 8589934592 / 8], which maps to Default [LargestMinGB=32, LargerMinGB=12, DefaultMinGB=8, SmallerMinGB=6, SmallestMinGB=0)
[2020.11.17-13.31.25:638][  0]LogInit: Setting Device Profile CVar: [[r.Vulkan.UseRealUBs:1]]
[2020.11.17-13.31.25:638][  0]LogInit: Going up to parent DeviceProfile []
[2020.11.17-13.31.25:639][  0]LogInit: Computer: DESKTOP-VU7HRT6
[2020.11.17-13.31.25:639][  0]LogInit: User: Wojciech
[2020.11.17-13.31.25:639][  0]LogInit: CPU Page size=4096, Cores=2
[2020.11.17-13.31.25:639][  0]LogInit: High frequency timer resolution =10.000000 MHz
[2020.11.17-13.31.25:639][  0]LogMemory: Memory total: Physical=7.9GB (8GB approx)
[2020.11.17-13.31.25:639][  0]LogMemory: Platform Memory Stats for Windows
[2020.11.17-13.31.25:639][  0]LogMemory: Process Physical Memory: 99.62 MB used, 99.62 MB peak
[2020.11.17-13.31.25:639][  0]LogMemory: Process Virtual Memory: 82.61 MB used, 82.61 MB peak
[2020.11.17-13.31.25:640][  0]LogMemory: Physical Memory: 6180.08 MB used,  1903.82 MB free, 8083.90 MB total
[2020.11.17-13.31.25:640][  0]LogMemory: Virtual Memory: 4588.84 MB used,  1903.82 MB free, 134217728.00 MB total
[2020.11.17-13.31.25:677][  0]LogInit: Using OS detected language (pl-PL).
[2020.11.17-13.31.25:678][  0]LogInit: Using OS detected locale (pl-PL).
[2020.11.17-13.31.25:680][  0]LogTextLocalizationManager: No specific localization for 'pl-PL' exists, so the 'pl' localization will be used.
[2020.11.17-13.31.25:684][  0]LogStreaming: Display: Took  0.006s to InitEngineTextLocalization.
[2020.11.17-13.31.25:684][  0]LogInit: Setting process to per monitor DPI aware
[2020.11.17-13.31.25:748][  0]LogSlate: New Slate User Created.  User Index 0, Is Virtual User: 0
[2020.11.17-13.31.25:748][  0]LogSlate: Slate User Registered.  User Index 0, Is Virtual User: 0
[2020.11.17-13.31.26:464][  0]LogHMD: Failed to initialize OpenVR with code 110
[2020.11.17-13.31.26:464][  0]LogD3D11RHI: D3D11 adapters:
[2020.11.17-13.31.26:585][  0]LogD3D11RHI:    0. 'AMD Radeon R5 M335' (Feature Level 11_0)
[2020.11.17-13.31.26:586][  0]LogD3D11RHI:       4087/0/4041 MB DedicatedVideo/DedicatedSystem/SharedSystem, Outputs:2, VendorId:0x1002
[2020.11.17-13.31.26:651][  0]LogD3D11RHI:    1. 'Intel(R) HD Graphics 520' (Feature Level 11_0)
[2020.11.17-13.31.26:651][  0]LogD3D11RHI:       128/0/4041 MB DedicatedVideo/DedicatedSystem/SharedSystem, Outputs:0, VendorId:0x8086
[2020.11.17-13.31.26:660][  0]LogD3D11RHI:    2. 'Microsoft Basic Render Driver' (Feature Level 11_0)
[2020.11.17-13.31.26:660][  0]LogD3D11RHI:       0/0/4041 MB DedicatedVideo/DedicatedSystem/SharedSystem, Outputs:0, VendorId:0x1414
[2020.11.17-13.31.26:660][  0]LogD3D11RHI: Chosen D3D11 Adapter: 0
[2020.11.17-13.31.26:682][  0]LogD3D11RHI: Creating new Direct3DDevice
[2020.11.17-13.31.26:683][  0]LogD3D11RHI:     GPU DeviceId: 0x6660 (for the marketing name, search the web for "GPU Device Id")
[2020.11.17-13.31.26:683][  0]LogWindows: EnumDisplayDevices:
[2020.11.17-13.31.26:683][  0]LogWindows:    0. 'Intel(R) HD Graphics 520' (P:1 D:1)
[2020.11.17-13.31.26:684][  0]LogWindows:    1. 'Intel(R) HD Graphics 520' (P:0 D:1)
[2020.11.17-13.31.26:685][  0]LogWindows:    2. 'Intel(R) HD Graphics 520' (P:0 D:0)
[2020.11.17-13.31.26:687][  0]LogWindows: DebugString: PrimaryIsNotTheChoosenAdapter PrimaryIsNotTheChoosenAdapter PrimaryIsNotTheChoosenAdapter FoundDriverCount:0 
[2020.11.17-13.31.26:688][  0]LogD3D11RHI:     Adapter Name: AMD Radeon R5 M335
[2020.11.17-13.31.26:688][  0]LogD3D11RHI:   Driver Version: Unknown (internal:Unknown, unified:Unknown)
[2020.11.17-13.31.26:689][  0]LogD3D11RHI:      Driver Date: Unknown
[2020.11.17-13.31.26:689][  0]LogRHI: Texture pool is 2861 MB (70% of 4087 MB)
[2020.11.17-13.31.26:805][  0]LogD3D11RHI: Async texture creation enabled
[2020.11.17-13.31.26:822][  0]LogD3D11RHI: GPU Timing Frequency: 27.000000 (Debug: 2 1)
[2020.11.17-13.31.26:827][  0]LogShaderCompilers: Guid format shader working directory is -23 characters bigger than the processId version (../../../../../../Users/Wojciech/Documents/WojciechSwierk/WojciechSwierk/Intermediate/Shaders/WorkingDirectory/6336/).
[2020.11.17-13.31.26:828][  0]LogShaderCompilers: Cleaned the shader compiler working directory 'C:/Users/Wojciech/AppData/Local/Temp/UnrealShaderWorkingDir/63F482594504FE51AC99ADB437A5160E/'.
[2020.11.17-13.31.29:443][  0]LogTemp: Display: Loaded TP AllDesktopTargetPlatform
[2020.11.17-13.31.29:479][  0]LogTemp: Display: Loaded TP MacClientTargetPlatform
[2020.11.17-13.31.29:513][  0]LogTemp: Display: Loaded TP MacNoEditorTargetPlatform
[2020.11.17-13.31.29:550][  0]LogTemp: Display: Loaded TP MacServerTargetPlatform
[2020.11.17-13.31.29:594][  0]LogTemp: Display: Loaded TP MacTargetPlatform
[2020.11.17-13.31.29:626][  0]LogTemp: Display: Loaded TP WindowsClientTargetPlatform
[2020.11.17-13.31.29:669][  0]LogTemp: Display: Loaded TP WindowsNoEditorTargetPlatform
[2020.11.17-13.31.29:708][  0]LogTemp: Display: Loaded TP WindowsServerTargetPlatform
[2020.11.17-13.31.29:731][  0]LogTemp: Display: Loaded TP WindowsTargetPlatform
[2020.11.17-13.31.30:005][  0]LogTemp: Display: Loaded TP AndroidTargetPlatform
[2020.11.17-13.31.30:006][  0]LogTemp: Display: Loaded TP AndroidTargetPlatform
[2020.11.17-13.31.30:006][  0]LogTemp: Display: Loaded TP AndroidTargetPlatform
[2020.11.17-13.31.30:006][  0]LogTemp: Display: Loaded TP AndroidTargetPlatform
[2020.11.17-13.31.30:006][  0]LogTemp: Display: Loaded TP AndroidTargetPlatform
[2020.11.17-13.31.30:006][  0]LogTemp: Display: Loaded TP AndroidTargetPlatform
[2020.11.17-13.31.30:006][  0]LogTemp: Display: Loaded TP AndroidTargetPlatform
[2020.11.17-13.31.30:006][  0]LogTemp: Display: Loaded TP AndroidTargetPlatform
[2020.11.17-13.31.30:006][  0]LogTemp: Display: Loaded TP AndroidTargetPlatform
[2020.11.17-13.31.30:006][  0]LogTemp: Display: Loaded TP AndroidTargetPlatform
[2020.11.17-13.31.30:006][  0]LogTemp: Display: Loaded TP AndroidTargetPlatform
[2020.11.17-13.31.30:006][  0]LogTemp: Display: Loaded TP AndroidTargetPlatform
[2020.11.17-13.31.30:006][  0]LogTemp: Display: Loaded TP AndroidTargetPlatform
[2020.11.17-13.31.30:006][  0]LogTemp: Display: Loaded TP AndroidTargetPlatform
[2020.11.17-13.31.30:006][  0]LogTemp: Display: Loaded TP AndroidTargetPlatform
[2020.11.17-13.31.30:006][  0]LogTemp: Display: Loaded TP AndroidTargetPlatform
[2020.11.17-13.31.30:007][  0]LogTemp: Display: Loaded TP AndroidTargetPlatform
[2020.11.17-13.31.30:007][  0]LogTemp: Display: Loaded TP AndroidTargetPlatform
[2020.11.17-13.31.30:010][  0]LogTemp: Display: Loaded TP HTML5TargetPlatform
[2020.11.17-13.31.30:158][  0]LogTemp: Display: Loaded TP IOSTargetPlatform
[2020.11.17-13.31.30:158][  0]LogTemp: Display: Loaded TP IOSTargetPlatform
[2020.11.17-13.31.30:226][  0]LogTemp: Display: Loaded TP TVOSTargetPlatform
[2020.11.17-13.31.30:226][  0]LogTemp: Display: Loaded TP TVOSTargetPlatform
[2020.11.17-13.31.30:263][  0]LogTemp: Display: Loaded TP LinuxClientTargetPlatform
[2020.11.17-13.31.30:303][  0]LogTemp: Display: Loaded TP LinuxNoEditorTargetPlatform
[2020.11.17-13.31.30:340][  0]LogTemp: Display: Loaded TP LinuxServerTargetPlatform
[2020.11.17-13.31.30:377][  0]LogTemp: Display: Loaded TP LinuxTargetPlatform
[2020.11.17-13.31.30:405][  0]LogTemp: Display: Loaded TP LuminTargetPlatform
[2020.11.17-13.31.30:405][  0]LogTargetPlatformManager: Display: Building Assets For Windows
[2020.11.17-13.31.30:541][  0]LogXGEController: Cannot use XGE Controller as Incredibuild is not installed on this machine.
[2020.11.17-13.31.30:541][  0]LogShaderCompilers: Cannot use XGE Shader Compiler as Incredibuild is not installed on this machine.
[2020.11.17-13.31.30:541][  0]LogShaderCompilers: Display: Using Local Shader Compiler.
[2020.11.17-13.31.33:006][  0]LogDerivedDataCache: Display: Max Cache Size: 512 MB
[2020.11.17-13.31.33:128][  0]LogDerivedDataCache: Loaded boot cache 0.12s 71MB C:/Users/Wojciech/AppData/Local/UnrealEngine/4.20/DerivedDataCache/Boot.ddc.
[2020.11.17-13.31.33:128][  0]LogDerivedDataCache: Display: Loaded Boot cache: C:/Users/Wojciech/AppData/Local/UnrealEngine/4.20/DerivedDataCache/Boot.ddc
[2020.11.17-13.31.33:129][  0]LogDerivedDataCache: FDerivedDataBackendGraph:  Pak pak cache file ../../../../../../Users/Wojciech/Documents/WojciechSwierk/WojciechSwierk/DerivedDataCache/DDC.ddp not found, will not use a pak cache.
[2020.11.17-13.31.33:129][  0]LogDerivedDataCache: Unable to find inner node Pak for hierarchical cache Hierarchy.
[2020.11.17-13.31.33:129][  0]LogDerivedDataCache: FDerivedDataBackendGraph:  CompressedPak pak cache file ../../../../../../Users/Wojciech/Documents/WojciechSwierk/WojciechSwierk/DerivedDataCache/Compressed.ddp not found, will not use a pak cache.
[2020.11.17-13.31.33:129][  0]LogDerivedDataCache: Unable to find inner node CompressedPak for hierarchical cache Hierarchy.
[2020.11.17-13.31.33:162][  0]LogDerivedDataCache: Display: Pak cache opened for reading ../../../Engine/DerivedDataCache/Compressed.ddp.
[2020.11.17-13.31.33:176][  0]LogDerivedDataCache: Using Local data cache path C:/Users/Wojciech/AppData/Local/UnrealEngine/Common/DerivedDataCache: Writable
[2020.11.17-13.31.33:176][  0]LogDerivedDataCache: Shared data cache path not found in *engine.ini, will not use an Shared cache.
[2020.11.17-13.31.33:176][  0]LogDerivedDataCache: Unable to find inner node Shared for hierarchical cache Hierarchy.
[2020.11.17-13.31.33:221][  0]LogMaterial: Verifying Global Shaders for PCD3D_SM5
[2020.11.17-13.31.33:224][  0]LogSlate: Using FreeType 2.6.0
[2020.11.17-13.31.33:225][  0]LogSlate: SlateFontServices - WITH_FREETYPE: 1, WITH_HARFBUZZ: 1
[2020.11.17-13.31.33:370][  0]LogAssetRegistry: FAssetRegistry took 0.0318 seconds to start up
[2020.11.17-13.31.34:141][  0]LogInit: Selected Device Profile: [Windows]
[2020.11.17-13.31.34:268][  0]LogSimplygon: Simplygon DLL not present - disabling.
[2020.11.17-13.31.34:274][  0]LogMeshReduction: Using SimplygonSwarm for distributed automatic mesh merging
[2020.11.17-13.31.34:274][  0]LogMeshReduction: Using ProxyLODMeshReduction for automatic mesh merging
[2020.11.17-13.31.34:274][  0]LogMeshReduction: Using QuadricMeshReduction for automatic static mesh reduction
[2020.11.17-13.31.34:274][  0]LogMeshReduction: No automatic skeletal mesh reduction module available
[2020.11.17-13.31.34:495][  0]LogNetVersion: WojciechSwierk 1.0.0, NetCL: 4212847, EngineNetVer: 5, GameNetVer: 0 (Checksum: 1729804156)
[2020.11.17-13.31.35:727][  0]LogPackageLocalizationCache: Processed 11 localized package path(s) for 2 prioritized culture(s) in 0.219783 seconds
[2020.11.17-13.31.35:741][  0]LogUObjectArray: 38425 objects as part of root set at end of initial load.
[2020.11.17-13.31.35:742][  0]LogUObjectAllocator: 6690864 out of 0 bytes used by permanent object pool.
[2020.11.17-13.31.35:742][  0]LogUObjectArray: CloseDisregardForGC: 0/0 objects in disregard for GC pool
[2020.11.17-13.31.38:029][  0]LogTcpMessaging: Initializing TcpMessaging bridge
[2020.11.17-13.31.38:047][  0]LogUdpMessaging: Initializing bridge on interface 0.0.0.0:0 to multicast group 230.0.0.1:6666.
[2020.11.17-13.31.38:317][  0]SourceControl: Source control is disabled
[2020.11.17-13.31.38:317][  0]SourceControl: Source control is disabled
[2020.11.17-13.31.38:320][  0]SourceControl: Source control is disabled
[2020.11.17-13.31.38:322][  0]SourceControl: Source control is disabled
[2020.11.17-13.31.38:598][  0]LogAndroidPermission: UAndroidPermissionCallbackProxy::GetInstance
[2020.11.17-13.31.38:978][  0]LogOcInput: OculusInput pre-init called
[2020.11.17-13.31.39:099][  0]LogEngine: Initializing Engine...
[2020.11.17-13.31.39:100][  0]LogHMD: Failed to initialize OpenVR with code 110
[2020.11.17-13.31.39:103][  0]LogStats: UGameplayTagsManager::ConstructGameplayTagTree: ImportINI prefixes -  0.000 s
[2020.11.17-13.31.39:103][  0]LogStats: UGameplayTagsManager::ConstructGameplayTagTree: Construct from data asset -  0.000 s
[2020.11.17-13.31.39:104][  0]LogStats: UGameplayTagsManager::ConstructGameplayTagTree: ImportINI -  0.000 s
[2020.11.17-13.31.39:104][  0]LogStats: UGameplayTagsManager::ConstructGameplayTagTree: GameplayTagTreeChangedEvent.Broadcast -  0.000 s
[2020.11.17-13.31.39:641][  0]LogInit: Initializing FReadOnlyCVARCache
[2020.11.17-13.31.39:662][  0]LogAIModule: Creating AISystem for world Untitled
[2020.11.17-13.31.39:850][  0]LogInit: XAudio2 using 'Głośniki / Słuchawki (Realtek High Definition Audio)' : 2 channels at 48 kHz using 32 bits per sample (channel mask 0x3)
[2020.11.17-13.31.40:105][  0]LogInit: FAudioDevice initialized.
[2020.11.17-13.31.40:106][  0]LogNetVersion: Set ProjectVersion to 1.0.0.0. Version Checksum will be recalculated on next use.
[2020.11.17-13.31.40:814][  0]LogDerivedDataCache: Saved boot cache 0.71s 71MB C:/Users/Wojciech/AppData/Local/UnrealEngine/4.20/DerivedDataCache/Boot.ddc.
[2020.11.17-13.31.40:823][  0]LogInit: Texture streaming: Enabled
[2020.11.17-13.31.40:857][  0]LogEngineSessionManager: EngineSessionManager initialized
[2020.11.17-13.31.40:880][  0]LogInit: Transaction tracking system initialized
[2020.11.17-13.31.40:918][  0]BlueprintLog: New page: Editor Load
[2020.11.17-13.31.41:065][  0]LocalizationService: Localization service is disabled
[2020.11.17-13.31.42:500][  0]LogCook: Display: Max memory allowance for cook 16384mb min free memory 0mb
[2020.11.17-13.31.42:501][  0]LogCook: Display: Mobile HDR setting 1
[2020.11.17-13.31.42:502][  0]LogGameplayTags: Display: UGameplayTagsManager::DoneAddingNativeTags. DelegateIsBound: 0
[2020.11.17-13.31.42:502][  0]LogStats: UGameplayTagsManager::ConstructGameplayTagTree: ImportINI prefixes -  0.000 s
[2020.11.17-13.31.42:502][  0]LogStats: UGameplayTagsManager::ConstructGameplayTagTree: Construct from data asset -  0.000 s
[2020.11.17-13.31.42:502][  0]LogStats: UGameplayTagsManager::ConstructGameplayTagTree: ImportINI -  0.000 s
[2020.11.17-13.31.42:502][  0]LogStats: UGameplayTagsManager::ConstructGameplayTagTree: GameplayTagTreeChangedEvent.Broadcast -  0.000 s
[2020.11.17-13.31.42:818][  0]LogFileCache: Scanning file cache for directory 'C:/Users/Wojciech/Documents/WojciechSwierk/WojciechSwierk/Content/' took 0.10s
[2020.11.17-13.31.42:818][  0]SourceControl: Source control is disabled
[2020.11.17-13.31.42:818][  0]Cmd: MAP LOAD FILE="../../../Engine/Content/Maps/Templates/Template_Default.umap" TEMPLATE=1 SHOWPROGRESS=1 FEATURELEVEL=3
[2020.11.17-13.31.42:819][  0]LightingResults: New page: Lighting Build
[2020.11.17-13.31.42:824][  0]MapCheck: New page: Map Check
[2020.11.17-13.31.42:824][  0]LightingResults: New page: Lighting Build
[2020.11.17-13.31.45:461][  0]LogAIModule: Creating AISystem for world Untitled_1
[2020.11.17-13.31.45:474][  0]LogEditorServer: Finished looking for orphan Actors (0.000 secs)
[2020.11.17-13.31.45:636][  0]Cmd: MAP CHECKDEP NOCLEARLOG
[2020.11.17-13.31.45:826][  0]MapCheck: Map check complete: 0 Error(s), 0 Warning(s), took 188,344ms to complete.
[2020.11.17-13.31.45:826][  0]LogFileHelpers: Loading map 'Template_Default' took 3.007
[2020.11.17-13.31.46:020][  0]LogSlate: Updating window title bar state: overlay mode, drag disabled, window buttons hidden, title bar hidden
[2020.11.17-13.31.46:038][  0]LogSlate: Updating window title bar state: overlay mode, drag disabled, window buttons hidden, title bar hidden
[2020.11.17-13.31.46:058][  0]LogSlate: Updating window title bar state: overlay mode, drag disabled, window buttons hidden, title bar hidden
[2020.11.17-13.31.46:074][  0]LogSlate: Updating window title bar state: overlay mode, drag disabled, window buttons hidden, title bar hidden
[2020.11.17-13.31.46:087][  0]LogCollectionManager: Loaded 0 collections in 0.002442 seconds
[2020.11.17-13.31.46:141][  0]LogFileCache: Scanning file cache for directory 'C:/Users/Wojciech/Documents/WojciechSwierk/WojciechSwierk/Saved/Collections/' took 0.01s
[2020.11.17-13.31.46:141][  0]LogFileCache: Scanning file cache for directory 'C:/Users/Wojciech/Documents/WojciechSwierk/WojciechSwierk/Content/Developers/Wojciech/Collections/' took 0.01s
[2020.11.17-13.31.46:141][  0]LogFileCache: Scanning file cache for directory 'C:/Users/Wojciech/Documents/WojciechSwierk/WojciechSwierk/Content/Collections/' took 0.01s
[2020.11.17-13.31.46:141][  0]LogCollectionManager: Rebuilt the GUID cache for 0 collections in 0.000001 seconds
[2020.11.17-13.31.46:163][  0]LogContentBrowser: Native class hierarchy populated in 0.0211 seconds. Added 2572 classes and 603 folders.
[2020.11.17-13.31.46:205][  0]LogContentBrowser: Native class hierarchy updated for 'WidgetCarousel' in 0.0003 seconds. Added 0 classes and 0 folders.
[2020.11.17-13.31.46:330][  0]LogContentBrowser: Native class hierarchy updated for 'AddContentDialog' in 0.0003 seconds. Added 0 classes and 0 folders.
[2020.11.17-13.31.46:337][  0]LogContentBrowser: Native class hierarchy updated for 'SceneOutliner' in 0.0005 seconds. Added 1 classes and 2 folders.
[2020.11.17-13.31.46:369][  0]LogSlate: Took 0.000363 seconds to synchronously load lazily loaded font '../../../Engine/Content/Slate/Fonts/Roboto-Regular.ttf' (155K)
[2020.11.17-13.31.46:374][  0]LogSlate: Took 0.000441 seconds to synchronously load lazily loaded font '../../../Engine/Content/Slate/Fonts/Roboto-Bold.ttf' (160K)
[2020.11.17-13.31.46:381][  0]LogSlate: Took 0.000524 seconds to synchronously load lazily loaded font '../../../Engine/Content/Editor/Slate/Fonts/FontAwesome.ttf' (139K)
[2020.11.17-13.31.46:548][  0]LogRenderer: Reallocating scene render targets to support 1528x688 Format 9 NumSamples 1 (Frame:1).
[2020.11.17-13.31.46:926][  0]LogContentBrowser: Native class hierarchy updated for 'HierarchicalLODOutliner' in 0.0004 seconds. Added 0 classes and 0 folders.
[2020.11.17-13.31.46:926][  0]LogLoad: (Engine Initialization) Total time: 25.44 seconds
[2020.11.17-13.31.46:926][  0]LogLoad: (Engine Initialization) Total Blueprint compile time: 0.00 seconds
[2020.11.17-13.31.46:968][  0]LogContentStreaming: Texture pool size now 600 MB
[2020.11.17-13.31.46:990][  0]LogSlate: Took 0.000383 seconds to synchronously load lazily loaded font '../../../Engine/Content/Slate/Fonts/Roboto-Light.ttf' (167K)
[2020.11.17-13.31.47:286][  4]LogAssetRegistry: Asset discovery search completed in 13.9386 seconds
[2020.11.17-13.31.47:289][  4]LogCollectionManager: Rebuilt the object cache for 0 collections in 0.000001 seconds (found 0 objects)
[2020.11.17-13.31.47:290][  4]LogCollectionManager: Fixed up redirectors for 0 collections in 0.000220 seconds (updated 0 objects)
[2020.11.17-13.32.01:952][ 72]LogSlate: FSceneViewport::OnFocusLost() reason 0
[2020.11.17-13.32.06:884][175]LogSlate: Took 0.000361 seconds to synchronously load lazily loaded font '../../../Engine/Content/Slate/Fonts/Roboto-Light.ttf' (167K)
[2020.11.17-13.32.07:025][175]LogLinker: Warning: Can't find file '/Game/StarterContent/Maps/kulka_BuiltData'
[2020.11.17-13.32.07:026][175]LogLinker: Warning: Can't find file for asset '/Game/StarterContent/Maps/kulka_BuiltData' while loading ../../../../../../Users/Wojciech/Documents/WojciechSwierk/WojciechSwierk/Content/StarterContent/Maps/kulka.umap.
[2020.11.17-13.32.07:026][175]LoadErrors: Error: /Game/StarterContent/Maps/kulka : Can't find file for asset. /Game/StarterContent/Maps/kulka_BuiltData
[2020.11.17-13.32.07:243][175]LogLinker: Warning: Can't find file '/Game/StarterContent/Maps/kulka_BuiltData'
[2020.11.17-13.32.07:244][175]LogLinker: Warning: Can't find file for asset '/Game/StarterContent/Maps/kulka_BuiltData' while loading ../../../../../../Users/Wojciech/Documents/WojciechSwierk/WojciechSwierk/Content/StarterContent/Maps/kulka.umap.
[2020.11.17-13.32.07:311][175]LogLinker: Warning: Can't find file '/Game/StarterContent/Maps/kulka_BuiltData'
[2020.11.17-13.32.07:312][175]LogLinker: Warning: Can't find file for asset '/Game/StarterContent/Maps/kulka_BuiltData' while loading NULL.
[2020.11.17-13.32.07:327][175]LogLinker: Warning: Can't find file '/Game/StarterContent/Maps/kulka_BuiltData'
[2020.11.17-13.32.07:327][175]LogLinker: Warning: Can't find file for asset '/Game/StarterContent/Maps/kulka_BuiltData' while loading NULL.
[2020.11.17-13.32.07:615][175]LogLinker: Warning: Can't find file '/Game/StarterContent/Maps/kulka_BuiltData'
[2020.11.17-13.32.07:615][175]LoadErrors: Failed to load /Game/StarterContent/Maps/kulka_BuiltData.kulka_BuiltData Referenced by PersistentLevel
[2020.11.17-13.32.07:615][175]LogLinker: Warning: Can't find file for asset '/Game/StarterContent/Maps/kulka_BuiltData' while loading NULL.
[2020.11.17-13.32.07:813][175]LogAIModule: Creating AISystem for world kulka
[2020.11.17-13.32.07:854][175]LogAssetEditorManager: Opening Asset editor for World /Game/StarterContent/Maps/kulka.kulka
[2020.11.17-13.32.07:914][175]Cmd: MAP LOAD FILE="../../../../../../Users/Wojciech/Documents/WojciechSwierk/WojciechSwierk/Content/StarterContent/Maps/kulka.umap" TEMPLATE=0 SHOWPROGRESS=1 FEATURELEVEL=3
[2020.11.17-13.32.07:914][175]LightingResults: New page: Lighting Build
[2020.11.17-13.32.07:916][175]LoadErrors: New page: Loading map: kulka.umap
[2020.11.17-13.32.07:916][175]MapCheck: New page: Map Check
[2020.11.17-13.32.07:916][175]LightingResults: New page: Lighting Build
[2020.11.17-13.32.08:095][175]LogEditorServer: Finished looking for orphan Actors (0.000 secs)
[2020.11.17-13.32.08:161][175]Cmd: MAP CHECKDEP NOCLEARLOG
[2020.11.17-13.32.08:356][175]MapCheck: Map check complete: 0 Error(s), 0 Warning(s), took 194,27ms to complete.
[2020.11.17-13.32.08:359][175]LogFileHelpers: Loading map 'kulka' took 0.444
[2020.11.17-13.32.13:062][252]LogSlate: FSceneViewport::OnFocusLost() reason 0
[2020.11.17-13.32.13:492][261]LogTemp: Repeating last play command: Selected Viewport
[2020.11.17-13.32.13:605][261]LogBlueprintUserMessages: Early PlayInEditor Detection: Level '/Game/StarterContent/Maps/kulka.kulka:PersistentLevel' has LevelScriptBlueprint '/Game/StarterContent/Maps/kulka.kulka:PersistentLevel.kulka' with GeneratedClass '/Game/StarterContent/Maps/kulka.kulka_C' with ClassGeneratedBy '/Game/StarterContent/Maps/kulka.kulka:PersistentLevel.kulka'
[2020.11.17-13.32.13:632][261]LogPlayLevel: PlayLevel: No blueprints needed recompiling
[2020.11.17-13.32.13:855][261]PIE: New page: PIE session: kulka (17 lis 2020, 15:32:13)
[2020.11.17-13.32.13:855][261]LogPlayLevel: Creating play world package: /Game/StarterContent/Maps/UEDPIE_0_kulka
[2020.11.17-13.32.14:038][261]LogPlayLevel: PIE: StaticDuplicateObject took: (0.182733s)
[2020.11.17-13.32.14:039][261]LogAIModule: Creating AISystem for world kulka
[2020.11.17-13.32.14:056][261]LogPlayLevel: PIE: World Init took: (0.018549s)
[2020.11.17-13.32.14:066][261]LogPlayLevel: PIE: Created PIE world by copying editor world from /Game/StarterContent/Maps/kulka.kulka to /Game/StarterContent/Maps/UEDPIE_0_kulka.kulka (0.210828s)
[2020.11.17-13.32.14:390][261]LogInit: XAudio2 using 'Głośniki / Słuchawki (Realtek High Definition Audio)' : 2 channels at 48 kHz using 32 bits per sample (channel mask 0x3)
[2020.11.17-13.32.14:497][261]LogInit: FAudioDevice initialized.
[2020.11.17-13.32.14:744][261]LogLoad: Game class is 'GameModeBase'
[2020.11.17-13.32.15:000][261]LogWorld: Bringing World /Game/StarterContent/Maps/UEDPIE_0_kulka.kulka up for play (max tick rate 0) at 2020.11.17-14.32.15
[2020.11.17-13.32.15:076][261]LogWorld: Bringing up level for play took: 0.076046
[2020.11.17-13.32.15:828][261]LogContentBrowser: Native class hierarchy updated for 'MovieSceneCapture' in 0.0005 seconds. Added 10 classes and 0 folders.
[2020.11.17-13.32.16:002][261]PIE: Play in editor start time for /Game/StarterContent/Maps/UEDPIE_0_kulka 1,978
[2020.11.17-13.32.16:002][261]LogBlueprintUserMessages: Late PlayInEditor Detection: Level '/Game/StarterContent/Maps/kulka.kulka:PersistentLevel' has LevelScriptBlueprint '/Game/StarterContent/Maps/kulka.kulka:PersistentLevel.kulka' with GeneratedClass '/Game/StarterContent/Maps/kulka.kulka_C' with ClassGeneratedBy '/Game/StarterContent/Maps/kulka.kulka:PersistentLevel.kulka'
[2020.11.17-13.32.24:998][562]LogBlueprintUserMessages: Early EndPlayMap Detection: Level '/Game/StarterContent/Maps/kulka.kulka:PersistentLevel' has LevelScriptBlueprint '/Game/StarterContent/Maps/kulka.kulka:PersistentLevel.kulka' with GeneratedClass '/Game/StarterContent/Maps/kulka.kulka_C' with ClassGeneratedBy '/Game/StarterContent/Maps/kulka.kulka:PersistentLevel.kulka'
[2020.11.17-13.32.25:063][562]LogSlate: Updating window title bar state: overlay mode, drag disabled, window buttons hidden, title bar hidden
[2020.11.17-13.32.25:150][562]LogPlayLevel: Display: Shutting down PIE online subsystems
[2020.11.17-13.32.25:151][562]LogBlueprintUserMessages: Late EndPlayMap Detection: Level '/Game/StarterContent/Maps/kulka.kulka:PersistentLevel' has LevelScriptBlueprint '/Game/StarterContent/Maps/kulka.kulka:PersistentLevel.kulka' with GeneratedClass '/Game/StarterContent/Maps/kulka.kulka_C' with ClassGeneratedBy '/Game/StarterContent/Maps/kulka.kulka:PersistentLevel.kulka'
[2020.11.17-13.32.25:198][562]LogSlate: Updating window title bar state: overlay mode, drag disabled, window buttons hidden, title bar hidden
[2020.11.17-13.32.25:276][563]LogPlayLevel: Display: Destroying online subsystem :Context_1
[2020.11.17-13.32.27:446][605]LogSlate: FSceneViewport::OnFocusLost() reason 2
[2020.11.17-13.32.29:745][645]LogSlate: FSceneViewport::OnFocusLost() reason 2
[2020.11.17-13.32.29:753][645]LogAssetEditorManager: Opening Asset editor for LevelScriptBlueprint /Game/StarterContent/Maps/kulka.kulka:PersistentLevel.kulka
[2020.11.17-13.32.32:480][645]LogContentBrowser: Native class hierarchy updated for 'BlueprintGraph' in 0.0011 seconds. Added 116 classes and 0 folders.
[2020.11.17-13.32.36:343][645]LogSlate: Took 0.032101 seconds to synchronously load lazily loaded font '../../../Engine/Content/Slate/Fonts/Roboto-BoldCondensed.ttf' (158K)
[2020.11.17-13.32.38:016][647]LogSlate: Took 0.056071 seconds to synchronously load lazily loaded font '../../../Engine/Content/Slate/Fonts/Roboto-Italic.ttf' (157K)
[2020.11.17-13.32.59:703][ 58]BlueprintLog: New page: Compile kulka
[2020.11.17-13.33.06:845][107]LogEditorViewport: Clicking on Actor (LMB): BP_Sky_Sphere_C (Sky Sphere)
[2020.11.17-13.33.08:170][122]LogSlate: FSceneViewport::OnFocusLost() reason 0
[2020.11.17-13.33.08:222][123]LogTemp: Repeating last play command: Selected Viewport
[2020.11.17-13.33.08:247][123]LogBlueprintUserMessages: Early PlayInEditor Detection: Level '/Game/StarterContent/Maps/kulka.kulka:PersistentLevel' has LevelScriptBlueprint '/Game/StarterContent/Maps/kulka.kulka:PersistentLevel.kulka' with GeneratedClass '/Game/StarterContent/Maps/kulka.kulka_C' with ClassGeneratedBy '/Game/StarterContent/Maps/kulka.kulka:PersistentLevel.kulka'
[2020.11.17-13.33.08:247][123]LogPlayLevel: PlayLevel: No blueprints needed recompiling
[2020.11.17-13.33.08:247][123]PIE: New page: PIE session: kulka (17 lis 2020, 15:33:08)
[2020.11.17-13.33.08:247][123]LogPlayLevel: Creating play world package: /Game/StarterContent/Maps/UEDPIE_0_kulka
[2020.11.17-13.33.08:256][123]LogPlayLevel: PIE: StaticDuplicateObject took: (0.007323s)
[2020.11.17-13.33.08:257][123]LogAIModule: Creating AISystem for world kulka
[2020.11.17-13.33.08:258][123]LogPlayLevel: PIE: World Init took: (0.001921s)
[2020.11.17-13.33.08:258][123]LogPlayLevel: PIE: Created PIE world by copying editor world from /Game/StarterContent/Maps/kulka.kulka to /Game/StarterContent/Maps/UEDPIE_0_kulka.kulka (0.009674s)
[2020.11.17-13.33.08:556][123]LogInit: XAudio2 using 'Głośniki / Słuchawki (Realtek High Definition Audio)' : 2 channels at 48 kHz using 32 bits per sample (channel mask 0x3)
[2020.11.17-13.33.08:650][123]LogInit: FAudioDevice initialized.
[2020.11.17-13.33.08:687][123]LogLoad: Game class is 'GameModeBase'
[2020.11.17-13.33.08:688][123]LogWorld: Bringing World /Game/StarterContent/Maps/UEDPIE_0_kulka.kulka up for play (max tick rate 0) at 2020.11.17-14.33.08
[2020.11.17-13.33.08:688][123]LogWorld: Bringing up level for play took: 0.001057
[2020.11.17-13.33.08:703][123]PIE: Play in editor start time for /Game/StarterContent/Maps/UEDPIE_0_kulka 0,678
[2020.11.17-13.33.08:703][123]LogBlueprintUserMessages: Late PlayInEditor Detection: Level '/Game/StarterContent/Maps/kulka.kulka:PersistentLevel' has LevelScriptBlueprint '/Game/StarterContent/Maps/kulka.kulka:PersistentLevel.kulka' with GeneratedClass '/Game/StarterContent/Maps/kulka.kulka_C' with ClassGeneratedBy '/Game/StarterContent/Maps/kulka.kulka:PersistentLevel.kulka'
[2020.11.17-13.33.23:454][654]LogBlueprintUserMessages: Early EndPlayMap Detection: Level '/Game/StarterContent/Maps/kulka.kulka:PersistentLevel' has LevelScriptBlueprint '/Game/StarterContent/Maps/kulka.kulka:PersistentLevel.kulka' with GeneratedClass '/Game/StarterContent/Maps/kulka.kulka_C' with ClassGeneratedBy '/Game/StarterContent/Maps/kulka.kulka:PersistentLevel.kulka'
[2020.11.17-13.33.23:454][654]LogSlate: Updating window title bar state: overlay mode, drag disabled, window buttons hidden, title bar hidden
[2020.11.17-13.33.23:505][654]LogPlayLevel: Display: Shutting down PIE online subsystems
[2020.11.17-13.33.23:505][654]LogBlueprintUserMessages: Late EndPlayMap Detection: Level '/Game/StarterContent/Maps/kulka.kulka:PersistentLevel' has LevelScriptBlueprint '/Game/StarterContent/Maps/kulka.kulka:PersistentLevel.kulka' with GeneratedClass '/Game/StarterContent/Maps/kulka.kulka_C' with ClassGeneratedBy '/Game/StarterContent/Maps/kulka.kulka:PersistentLevel.kulka'
[2020.11.17-13.33.23:557][654]LogSlate: Updating window title bar state: overlay mode, drag disabled, window buttons hidden, title bar hidden
[2020.11.17-13.33.23:605][655]LogPlayLevel: Display: Destroying online subsystem :Context_3
[2020.11.17-13.33.32:310][697]LogSlate: FSceneViewport::OnFocusLost() reason 0
[2020.11.17-13.33.32:516][697]LogTemp: Repeating last play command: Selected Viewport
[2020.11.17-13.33.32:538][697]LogBlueprintUserMessages: Early PlayInEditor Detection: Level '/Game/StarterContent/Maps/kulka.kulka:PersistentLevel' has LevelScriptBlueprint '/Game/StarterContent/Maps/kulka.kulka:PersistentLevel.kulka' with GeneratedClass '/Game/StarterContent/Maps/kulka.kulka_C' with ClassGeneratedBy '/Game/StarterContent/Maps/kulka.kulka:PersistentLevel.kulka'
[2020.11.17-13.33.32:538][697]LogPlayLevel: PlayLevel: No blueprints needed recompiling
[2020.11.17-13.33.32:538][697]PIE: New page: PIE session: kulka (17 lis 2020, 15:33:32)
[2020.11.17-13.33.32:539][697]LogPlayLevel: Creating play world package: /Game/StarterContent/Maps/UEDPIE_0_kulka
[2020.11.17-13.33.32:543][697]LogPlayLevel: PIE: StaticDuplicateObject took: (0.004039s)
[2020.11.17-13.33.32:545][697]LogAIModule: Creating AISystem for world kulka
[2020.11.17-13.33.32:546][697]LogPlayLevel: PIE: World Init took: (0.002100s)
[2020.11.17-13.33.32:546][697]LogPlayLevel: PIE: Created PIE world by copying editor world from /Game/StarterContent/Maps/kulka.kulka to /Game/StarterContent/Maps/UEDPIE_0_kulka.kulka (0.006540s)
[2020.11.17-13.33.32:752][697]LogInit: XAudio2 using 'Głośniki / Słuchawki (Realtek High Definition Audio)' : 2 channels at 48 kHz using 32 bits per sample (channel mask 0x3)
[2020.11.17-13.33.32:855][697]LogInit: FAudioDevice initialized.
[2020.11.17-13.33.32:894][697]LogLoad: Game class is 'GameModeBase'
[2020.11.17-13.33.32:896][697]LogWorld: Bringing World /Game/StarterContent/Maps/UEDPIE_0_kulka.kulka up for play (max tick rate 0) at 2020.11.17-14.33.32
[2020.11.17-13.33.32:897][697]LogWorld: Bringing up level for play took: 0.001456
[2020.11.17-13.33.32:909][697]PIE: Play in editor start time for /Game/StarterContent/Maps/UEDPIE_0_kulka 0,885
[2020.11.17-13.33.32:909][697]LogBlueprintUserMessages: Late PlayInEditor Detection: Level '/Game/StarterContent/Maps/kulka.kulka:PersistentLevel' has LevelScriptBlueprint '/Game/StarterContent/Maps/kulka.kulka:PersistentLevel.kulka' with GeneratedClass '/Game/StarterContent/Maps/kulka.kulka_C' with ClassGeneratedBy '/Game/StarterContent/Maps/kulka.kulka:PersistentLevel.kulka'
[2020.11.17-13.33.42:372][ 37]LogBlueprintUserMessages: Early EndPlayMap Detection: Level '/Game/StarterContent/Maps/kulka.kulka:PersistentLevel' has LevelScriptBlueprint '/Game/StarterContent/Maps/kulka.kulka:PersistentLevel.kulka' with GeneratedClass '/Game/StarterContent/Maps/kulka.kulka_C' with ClassGeneratedBy '/Game/StarterContent/Maps/kulka.kulka:PersistentLevel.kulka'
[2020.11.17-13.33.42:372][ 37]LogSlate: Updating window title bar state: overlay mode, drag disabled, window buttons hidden, title bar hidden
[2020.11.17-13.33.42:457][ 37]LogPlayLevel: Display: Shutting down PIE online subsystems
[2020.11.17-13.33.42:457][ 37]LogBlueprintUserMessages: Late EndPlayMap Detection: Level '/Game/StarterContent/Maps/kulka.kulka:PersistentLevel' has LevelScriptBlueprint '/Game/StarterContent/Maps/kulka.kulka:PersistentLevel.kulka' with GeneratedClass '/Game/StarterContent/Maps/kulka.kulka_C' with ClassGeneratedBy '/Game/StarterContent/Maps/kulka.kulka:PersistentLevel.kulka'
[2020.11.17-13.33.42:500][ 37]LogSlate: Updating window title bar state: overlay mode, drag disabled, window buttons hidden, title bar hidden
[2020.11.17-13.33.42:547][ 38]LogPlayLevel: Display: Destroying online subsystem :Context_4
[2020.11.17-13.34.24:152][172]LogSlate: FSceneViewport::OnFocusLost() reason 2
[2020.11.17-13.35.15:524][ 18]LogEditorViewport: Clicking on Actor (LMB): BP_Sky_Sphere_C (Sky Sphere)
[2020.11.17-13.35.16:568][ 36]LogSlate: FSceneViewport::OnFocusLost() reason 0
[2020.11.17-13.35.16:621][ 37]LogTemp: Repeating last play command: Selected Viewport
[2020.11.17-13.35.16:646][ 37]LogBlueprintUserMessages: Early PlayInEditor Detection: Level '/Game/StarterContent/Maps/kulka.kulka:PersistentLevel' has LevelScriptBlueprint '/Game/StarterContent/Maps/kulka.kulka:PersistentLevel.kulka' with GeneratedClass '/Game/StarterContent/Maps/kulka.kulka_C' with ClassGeneratedBy '/Game/StarterContent/Maps/kulka.kulka:PersistentLevel.kulka'
[2020.11.17-13.35.16:647][ 37]LogPlayLevel: PlayLevel: No blueprints needed recompiling
[2020.11.17-13.35.16:648][ 37]PIE: New page: PIE session: kulka (17 lis 2020, 15:35:16)
[2020.11.17-13.35.16:648][ 37]LogPlayLevel: Creating play world package: /Game/StarterContent/Maps/UEDPIE_0_kulka
[2020.11.17-13.35.16:657][ 37]LogPlayLevel: PIE: StaticDuplicateObject took: (0.009929s)
[2020.11.17-13.35.16:659][ 37]LogAIModule: Creating AISystem for world kulka
[2020.11.17-13.35.16:659][ 37]LogPlayLevel: PIE: World Init took: (0.001554s)
[2020.11.17-13.35.16:659][ 37]LogPlayLevel: PIE: Created PIE world by copying editor world from /Game/StarterContent/Maps/kulka.kulka to /Game/StarterContent/Maps/UEDPIE_0_kulka.kulka (0.011933s)
[2020.11.17-13.35.16:907][ 37]LogInit: XAudio2 using 'Głośniki / Słuchawki (Realtek High Definition Audio)' : 2 channels at 48 kHz using 32 bits per sample (channel mask 0x3)
[2020.11.17-13.35.17:010][ 37]LogInit: FAudioDevice initialized.
[2020.11.17-13.35.17:047][ 37]LogLoad: Game class is 'GameModeBase'
[2020.11.17-13.35.17:049][ 37]LogWorld: Bringing World /Game/StarterContent/Maps/UEDPIE_0_kulka.kulka up for play (max tick rate 0) at 2020.11.17-14.35.17
[2020.11.17-13.35.17:051][ 37]LogWorld: Bringing up level for play took: 0.002652
[2020.11.17-13.35.17:068][ 37]PIE: Play in editor start time for /Game/StarterContent/Maps/UEDPIE_0_kulka 1,044
[2020.11.17-13.35.17:068][ 37]LogBlueprintUserMessages: Late PlayInEditor Detection: Level '/Game/StarterContent/Maps/kulka.kulka:PersistentLevel' has LevelScriptBlueprint '/Game/StarterContent/Maps/kulka.kulka:PersistentLevel.kulka' with GeneratedClass '/Game/StarterContent/Maps/kulka.kulka_C' with ClassGeneratedBy '/Game/StarterContent/Maps/kulka.kulka:PersistentLevel.kulka'
[2020.11.17-13.35.47:202][121]LogBlueprintUserMessages: Early EndPlayMap Detection: Level '/Game/StarterContent/Maps/kulka.kulka:PersistentLevel' has LevelScriptBlueprint '/Game/StarterContent/Maps/kulka.kulka:PersistentLevel.kulka' with GeneratedClass '/Game/StarterContent/Maps/kulka.kulka_C' with ClassGeneratedBy '/Game/StarterContent/Maps/kulka.kulka:PersistentLevel.kulka'
[2020.11.17-13.35.47:203][121]LogSlate: Updating window title bar state: overlay mode, drag disabled, window buttons hidden, title bar hidden
[2020.11.17-13.35.47:268][121]LogPlayLevel: Display: Shutting down PIE online subsystems
[2020.11.17-13.35.47:268][121]LogBlueprintUserMessages: Late EndPlayMap Detection: Level '/Game/StarterContent/Maps/kulka.kulka:PersistentLevel' has LevelScriptBlueprint '/Game/StarterContent/Maps/kulka.kulka:PersistentLevel.kulka' with GeneratedClass '/Game/StarterContent/Maps/kulka.kulka_C' with ClassGeneratedBy '/Game/StarterContent/Maps/kulka.kulka:PersistentLevel.kulka'
[2020.11.17-13.35.47:313][121]LogSlate: Updating window title bar state: overlay mode, drag disabled, window buttons hidden, title bar hidden
[2020.11.17-13.35.47:376][122]LogPlayLevel: Display: Destroying online subsystem :Context_5
[2020.11.17-13.37.17:715][424]LogSlate: FSceneViewport::OnFocusLost() reason 2
[2020.11.17-13.37.34:898][750]LogEditorViewport: Clicking on Actor (LMB): StaticMeshActor (Floor)
[2020.11.17-13.37.36:811][778]LogSlate: FSceneViewport::OnFocusLost() reason 0
[2020.11.17-13.39.49:026][228]BlueprintLog: New page: Compile kulka
[2020.11.17-13.39.54:163][316]LogEditorViewport: Clicking on Actor (LMB): StaticMeshActor (ball)
[2020.11.17-13.39.57:320][370]LogSlate: FSceneViewport::OnFocusLost() reason 0
[2020.11.17-13.40.01:431][440]LogEditorViewport: Clicking on Actor (LMB): BP_Sky_Sphere_C (Sky Sphere)
[2020.11.17-13.40.02:389][456]LogSlate: FSceneViewport::OnFocusLost() reason 0
[2020.11.17-13.40.02:493][458]LogTemp: Repeating last play command: Selected Viewport
[2020.11.17-13.40.02:516][458]LogBlueprintUserMessages: Early PlayInEditor Detection: Level '/Game/StarterContent/Maps/kulka.kulka:PersistentLevel' has LevelScriptBlueprint '/Game/StarterContent/Maps/kulka.kulka:PersistentLevel.kulka' with GeneratedClass '/Game/StarterContent/Maps/kulka.kulka_C' with ClassGeneratedBy '/Game/StarterContent/Maps/kulka.kulka:PersistentLevel.kulka'
[2020.11.17-13.40.02:516][458]LogPlayLevel: PlayLevel: No blueprints needed recompiling
[2020.11.17-13.40.02:516][458]PIE: New page: PIE session: kulka (17 lis 2020, 15:40:02)
[2020.11.17-13.40.02:516][458]LogPlayLevel: Creating play world package: /Game/StarterContent/Maps/UEDPIE_0_kulka
[2020.11.17-13.40.02:525][458]LogPlayLevel: PIE: StaticDuplicateObject took: (0.008759s)
[2020.11.17-13.40.02:526][458]LogAIModule: Creating AISystem for world kulka
[2020.11.17-13.40.02:527][458]LogPlayLevel: PIE: World Init took: (0.001447s)
[2020.11.17-13.40.02:527][458]LogPlayLevel: PIE: Created PIE world by copying editor world from /Game/StarterContent/Maps/kulka.kulka to /Game/StarterContent/Maps/UEDPIE_0_kulka.kulka (0.010696s)
[2020.11.17-13.40.02:741][458]LogInit: XAudio2 using 'Głośniki / Słuchawki (Realtek High Definition Audio)' : 2 channels at 48 kHz using 32 bits per sample (channel mask 0x3)
[2020.11.17-13.40.02:851][458]LogInit: FAudioDevice initialized.
[2020.11.17-13.40.02:890][458]LogLoad: Game class is 'GameModeBase'
[2020.11.17-13.40.02:891][458]LogWorld: Bringing World /Game/StarterContent/Maps/UEDPIE_0_kulka.kulka up for play (max tick rate 0) at 2020.11.17-14.40.02
[2020.11.17-13.40.02:892][458]LogWorld: Bringing up level for play took: 0.001297
[2020.11.17-13.40.02:907][458]PIE: Play in editor start time for /Game/StarterContent/Maps/UEDPIE_0_kulka 0,882
[2020.11.17-13.40.02:907][458]LogBlueprintUserMessages: Late PlayInEditor Detection: Level '/Game/StarterContent/Maps/kulka.kulka:PersistentLevel' has LevelScriptBlueprint '/Game/StarterContent/Maps/kulka.kulka:PersistentLevel.kulka' with GeneratedClass '/Game/StarterContent/Maps/kulka.kulka_C' with ClassGeneratedBy '/Game/StarterContent/Maps/kulka.kulka:PersistentLevel.kulka'
[2020.11.17-13.40.07:002][605]LogBlueprintUserMessages: Early EndPlayMap Detection: Level '/Game/StarterContent/Maps/kulka.kulka:PersistentLevel' has LevelScriptBlueprint '/Game/StarterContent/Maps/kulka.kulka:PersistentLevel.kulka' with GeneratedClass '/Game/StarterContent/Maps/kulka.kulka_C' with ClassGeneratedBy '/Game/StarterContent/Maps/kulka.kulka:PersistentLevel.kulka'
[2020.11.17-13.40.07:003][605]LogSlate: Updating window title bar state: overlay mode, drag disabled, window buttons hidden, title bar hidden
[2020.11.17-13.40.07:066][605]LogPlayLevel: Display: Shutting down PIE online subsystems
[2020.11.17-13.40.07:066][605]LogBlueprintUserMessages: Late EndPlayMap Detection: Level '/Game/StarterContent/Maps/kulka.kulka:PersistentLevel' has LevelScriptBlueprint '/Game/StarterContent/Maps/kulka.kulka:PersistentLevel.kulka' with GeneratedClass '/Game/StarterContent/Maps/kulka.kulka_C' with ClassGeneratedBy '/Game/StarterContent/Maps/kulka.kulka:PersistentLevel.kulka'
[2020.11.17-13.40.07:130][605]LogSlate: Updating window title bar state: overlay mode, drag disabled, window buttons hidden, title bar hidden
[2020.11.17-13.40.07:174][606]LogPlayLevel: Display: Destroying online subsystem :Context_8
[2020.11.17-13.40.11:128][674]LogSlate: FSceneViewport::OnFocusLost() reason 2
[2020.11.17-13.40.17:527][797]LogEditorTransaction: Undo Move Node
[2020.11.17-13.41.36:042][302]BlueprintLog: New page: Compile kulka
[2020.11.17-13.41.40:042][376]LogEditorViewport: Clicking on Actor (LMB): BP_Sky_Sphere_C (Sky Sphere)
[2020.11.17-13.41.40:630][385]LogSlate: FSceneViewport::OnFocusLost() reason 0
[2020.11.17-13.41.40:737][387]LogTemp: Repeating last play command: Selected Viewport
[2020.11.17-13.41.40:759][387]LogBlueprintUserMessages: Early PlayInEditor Detection: Level '/Game/StarterContent/Maps/kulka.kulka:PersistentLevel' has LevelScriptBlueprint '/Game/StarterContent/Maps/kulka.kulka:PersistentLevel.kulka' with GeneratedClass '/Game/StarterContent/Maps/kulka.kulka_C' with ClassGeneratedBy '/Game/StarterContent/Maps/kulka.kulka:PersistentLevel.kulka'
[2020.11.17-13.41.40:760][387]LogPlayLevel: PlayLevel: No blueprints needed recompiling
[2020.11.17-13.41.40:760][387]PIE: New page: PIE session: kulka (17 lis 2020, 15:41:40)
[2020.11.17-13.41.40:760][387]LogPlayLevel: Creating play world package: /Game/StarterContent/Maps/UEDPIE_0_kulka
[2020.11.17-13.41.40:767][387]LogPlayLevel: PIE: StaticDuplicateObject took: (0.006673s)
[2020.11.17-13.41.40:768][387]LogAIModule: Creating AISystem for world kulka
[2020.11.17-13.41.40:769][387]LogPlayLevel: PIE: World Init took: (0.001620s)
[2020.11.17-13.41.40:769][387]LogPlayLevel: PIE: Created PIE world by copying editor world from /Game/StarterContent/Maps/kulka.kulka to /Game/StarterContent/Maps/UEDPIE_0_kulka.kulka (0.008703s)
[2020.11.17-13.41.40:983][387]LogInit: XAudio2 using 'Głośniki / Słuchawki (Realtek High Definition Audio)' : 2 channels at 48 kHz using 32 bits per sample (channel mask 0x3)
[2020.11.17-13.41.41:098][387]LogInit: FAudioDevice initialized.
[2020.11.17-13.41.41:135][387]LogLoad: Game class is 'GameModeBase'
[2020.11.17-13.41.41:136][387]LogWorld: Bringing World /Game/StarterContent/Maps/UEDPIE_0_kulka.kulka up for play (max tick rate 0) at 2020.11.17-14.41.41
[2020.11.17-13.41.41:136][387]LogWorld: Bringing up level for play took: 0.001154
[2020.11.17-13.41.41:151][387]PIE: Play in editor start time for /Game/StarterContent/Maps/UEDPIE_0_kulka 1,126
[2020.11.17-13.41.41:151][387]LogBlueprintUserMessages: Late PlayInEditor Detection: Level '/Game/StarterContent/Maps/kulka.kulka:PersistentLevel' has LevelScriptBlueprint '/Game/StarterContent/Maps/kulka.kulka:PersistentLevel.kulka' with GeneratedClass '/Game/StarterContent/Maps/kulka.kulka_C' with ClassGeneratedBy '/Game/StarterContent/Maps/kulka.kulka:PersistentLevel.kulka'
[2020.11.17-13.41.49:676][699]LogBlueprintUserMessages: Early EndPlayMap Detection: Level '/Game/StarterContent/Maps/kulka.kulka:PersistentLevel' has LevelScriptBlueprint '/Game/StarterContent/Maps/kulka.kulka:PersistentLevel.kulka' with GeneratedClass '/Game/StarterContent/Maps/kulka.kulka_C' with ClassGeneratedBy '/Game/StarterContent/Maps/kulka.kulka:PersistentLevel.kulka'
[2020.11.17-13.41.49:677][699]LogSlate: Updating window title bar state: overlay mode, drag disabled, window buttons hidden, title bar hidden
[2020.11.17-13.41.49:734][699]LogPlayLevel: Display: Shutting down PIE online subsystems
[2020.11.17-13.41.49:735][699]LogBlueprintUserMessages: Late EndPlayMap Detection: Level '/Game/StarterContent/Maps/kulka.kulka:PersistentLevel' has LevelScriptBlueprint '/Game/StarterContent/Maps/kulka.kulka:PersistentLevel.kulka' with GeneratedClass '/Game/StarterContent/Maps/kulka.kulka_C' with ClassGeneratedBy '/Game/StarterContent/Maps/kulka.kulka:PersistentLevel.kulka'
[2020.11.17-13.41.49:781][699]LogSlate: Updating window title bar state: overlay mode, drag disabled, window buttons hidden, title bar hidden
[2020.11.17-13.41.49:829][700]LogPlayLevel: Display: Destroying online subsystem :Context_9
[2020.11.17-13.41.53:312][725]LogSlate: FSceneViewport::OnFocusLost() reason 2
[2020.11.17-13.42.01:849][887]BlueprintLog: New page: Compile kulka
[2020.11.17-13.42.07:244][958]LogSlate: FSceneViewport::OnFocusLost() reason 0
[2020.11.17-13.42.07:343][960]LogTemp: Repeating last play command: Selected Viewport
[2020.11.17-13.42.07:369][960]LogBlueprintUserMessages: Early PlayInEditor Detection: Level '/Game/StarterContent/Maps/kulka.kulka:PersistentLevel' has LevelScriptBlueprint '/Game/StarterContent/Maps/kulka.kulka:PersistentLevel.kulka' with GeneratedClass '/Game/StarterContent/Maps/kulka.kulka_C' with ClassGeneratedBy '/Game/StarterContent/Maps/kulka.kulka:PersistentLevel.kulka'
[2020.11.17-13.42.07:369][960]LogPlayLevel: PlayLevel: No blueprints needed recompiling
[2020.11.17-13.42.07:370][960]PIE: New page: PIE session: kulka (17 lis 2020, 15:42:07)
[2020.11.17-13.42.07:370][960]LogPlayLevel: Creating play world package: /Game/StarterContent/Maps/UEDPIE_0_kulka
[2020.11.17-13.42.07:374][960]LogPlayLevel: PIE: StaticDuplicateObject took: (0.004206s)
[2020.11.17-13.42.07:376][960]LogAIModule: Creating AISystem for world kulka
[2020.11.17-13.42.07:376][960]LogPlayLevel: PIE: World Init took: (0.001554s)
[2020.11.17-13.42.07:376][960]LogPlayLevel: PIE: Created PIE world by copying editor world from /Game/StarterContent/Maps/kulka.kulka to /Game/StarterContent/Maps/UEDPIE_0_kulka.kulka (0.006189s)
[2020.11.17-13.42.07:583][960]LogInit: XAudio2 using 'Głośniki / Słuchawki (Realtek High Definition Audio)' : 2 channels at 48 kHz using 32 bits per sample (channel mask 0x3)
[2020.11.17-13.42.07:700][960]LogInit: FAudioDevice initialized.
[2020.11.17-13.42.07:731][960]LogLoad: Game class is 'GameModeBase'
[2020.11.17-13.42.07:733][960]LogWorld: Bringing World /Game/StarterContent/Maps/UEDPIE_0_kulka.kulka up for play (max tick rate 0) at 2020.11.17-14.42.07
[2020.11.17-13.42.07:733][960]LogWorld: Bringing up level for play took: 0.001189
[2020.11.17-13.42.07:746][960]PIE: Play in editor start time for /Game/StarterContent/Maps/UEDPIE_0_kulka -0,277
[2020.11.17-13.42.07:747][960]LogBlueprintUserMessages: Late PlayInEditor Detection: Level '/Game/StarterContent/Maps/kulka.kulka:PersistentLevel' has LevelScriptBlueprint '/Game/StarterContent/Maps/kulka.kulka:PersistentLevel.kulka' with GeneratedClass '/Game/StarterContent/Maps/kulka.kulka_C' with ClassGeneratedBy '/Game/StarterContent/Maps/kulka.kulka:PersistentLevel.kulka'
[2020.11.17-13.42.12:371][128]LogBlueprintUserMessages: Early EndPlayMap Detection: Level '/Game/StarterContent/Maps/kulka.kulka:PersistentLevel' has LevelScriptBlueprint '/Game/StarterContent/Maps/kulka.kulka:PersistentLevel.kulka' with GeneratedClass '/Game/StarterContent/Maps/kulka.kulka_C' with ClassGeneratedBy '/Game/StarterContent/Maps/kulka.kulka:PersistentLevel.kulka'
[2020.11.17-13.42.12:371][128]LogSlate: Updating window title bar state: overlay mode, drag disabled, window buttons hidden, title bar hidden
[2020.11.17-13.42.12:437][128]LogPlayLevel: Display: Shutting down PIE online subsystems
[2020.11.17-13.42.12:437][128]LogBlueprintUserMessages: Late EndPlayMap Detection: Level '/Game/StarterContent/Maps/kulka.kulka:PersistentLevel' has LevelScriptBlueprint '/Game/StarterContent/Maps/kulka.kulka:PersistentLevel.kulka' with GeneratedClass '/Game/StarterContent/Maps/kulka.kulka_C' with ClassGeneratedBy '/Game/StarterContent/Maps/kulka.kulka:PersistentLevel.kulka'
[2020.11.17-13.42.12:481][128]LogSlate: Updating window title bar state: overlay mode, drag disabled, window buttons hidden, title bar hidden
[2020.11.17-13.42.12:526][129]LogPlayLevel: Display: Destroying online subsystem :Context_10
[2020.11.17-13.42.14:154][152]LogSlate: FSceneViewport::OnFocusLost() reason 2
[2020.11.17-13.42.14:943][167]LogEditorTransaction: Undo Create Pin Link
[2020.11.17-13.42.15:204][171]LogEditorTransaction: Undo Create Pin Link
[2020.11.17-13.42.15:298][172]LogEditorTransaction: Undo Delete current selection
[2020.11.17-13.42.15:858][183]LogEditorTransaction: Undo Delete current selection
[2020.11.17-13.42.28:210][308]BlueprintLog: New page: Compile kulka
[2020.11.17-13.42.44:188][444]LogSlate: Window 'kulka* - Level Blueprint Editor' being destroyed
[2020.11.17-13.42.44:203][444]LogSlate: Window 'kulka* - Level Blueprint Editor' being destroyed
[2020.11.17-13.42.44:897][456]LogEditorViewport: Clicking on Actor (LMB): StaticMeshActor (Floor)
[2020.11.17-13.42.45:868][473]LogSlate: FSceneViewport::OnFocusLost() reason 0
[2020.11.17-13.42.45:868][473]LogTemp: Repeating last play command: Selected Viewport
[2020.11.17-13.42.45:890][473]LogBlueprintUserMessages: Early PlayInEditor Detection: Level '/Game/StarterContent/Maps/kulka.kulka:PersistentLevel' has LevelScriptBlueprint '/Game/StarterContent/Maps/kulka.kulka:PersistentLevel.kulka' with GeneratedClass '/Game/StarterContent/Maps/kulka.kulka_C' with ClassGeneratedBy '/Game/StarterContent/Maps/kulka.kulka:PersistentLevel.kulka'
[2020.11.17-13.42.45:891][473]LogPlayLevel: PlayLevel: No blueprints needed recompiling
[2020.11.17-13.42.45:891][473]PIE: New page: PIE session: kulka (17 lis 2020, 15:42:45)
[2020.11.17-13.42.45:891][473]LogPlayLevel: Creating play world package: /Game/StarterContent/Maps/UEDPIE_0_kulka
[2020.11.17-13.42.45:898][473]LogPlayLevel: PIE: StaticDuplicateObject took: (0.006909s)
[2020.11.17-13.42.45:900][473]LogAIModule: Creating AISystem for world kulka
[2020.11.17-13.42.45:901][473]LogPlayLevel: PIE: World Init took: (0.002193s)
[2020.11.17-13.42.45:901][473]LogPlayLevel: PIE: Created PIE world by copying editor world from /Game/StarterContent/Maps/kulka.kulka to /Game/StarterContent/Maps/UEDPIE_0_kulka.kulka (0.009493s)
[2020.11.17-13.42.46:114][473]LogInit: XAudio2 using 'Głośniki / Słuchawki (Realtek High Definition Audio)' : 2 channels at 48 kHz using 32 bits per sample (channel mask 0x3)
[2020.11.17-13.42.46:221][473]LogInit: FAudioDevice initialized.
[2020.11.17-13.42.46:258][473]LogLoad: Game class is 'GameModeBase'
[2020.11.17-13.42.46:260][473]LogWorld: Bringing World /Game/StarterContent/Maps/UEDPIE_0_kulka.kulka up for play (max tick rate 0) at 2020.11.17-14.42.46
[2020.11.17-13.42.46:261][473]LogWorld: Bringing up level for play took: 0.001904
[2020.11.17-13.42.46:276][473]PIE: Play in editor start time for /Game/StarterContent/Maps/UEDPIE_0_kulka 0,251
[2020.11.17-13.42.46:276][473]LogBlueprintUserMessages: Late PlayInEditor Detection: Level '/Game/StarterContent/Maps/kulka.kulka:PersistentLevel' has LevelScriptBlueprint '/Game/StarterContent/Maps/kulka.kulka:PersistentLevel.kulka' with GeneratedClass '/Game/StarterContent/Maps/kulka.kulka_C' with ClassGeneratedBy '/Game/StarterContent/Maps/kulka.kulka:PersistentLevel.kulka'
[2020.11.17-13.42.57:552][883]LogBlueprintUserMessages: Early EndPlayMap Detection: Level '/Game/StarterContent/Maps/kulka.kulka:PersistentLevel' has LevelScriptBlueprint '/Game/StarterContent/Maps/kulka.kulka:PersistentLevel.kulka' with GeneratedClass '/Game/StarterContent/Maps/kulka.kulka_C' with ClassGeneratedBy '/Game/StarterContent/Maps/kulka.kulka:PersistentLevel.kulka'
[2020.11.17-13.42.57:552][883]LogSlate: Updating window title bar state: overlay mode, drag disabled, window buttons hidden, title bar hidden
[2020.11.17-13.42.57:613][883]LogPlayLevel: Display: Shutting down PIE online subsystems
[2020.11.17-13.42.57:614][883]LogBlueprintUserMessages: Late EndPlayMap Detection: Level '/Game/StarterContent/Maps/kulka.kulka:PersistentLevel' has LevelScriptBlueprint '/Game/StarterContent/Maps/kulka.kulka:PersistentLevel.kulka' with GeneratedClass '/Game/StarterContent/Maps/kulka.kulka_C' with ClassGeneratedBy '/Game/StarterContent/Maps/kulka.kulka:PersistentLevel.kulka'
[2020.11.17-13.42.57:654][883]LogSlate: Updating window title bar state: overlay mode, drag disabled, window buttons hidden, title bar hidden
[2020.11.17-13.42.57:695][884]LogPlayLevel: Display: Destroying online subsystem :Context_11
[2020.11.17-13.43.12:385][ 28]LogSlate: FSceneViewport::OnFocusLost() reason 2
[2020.11.17-13.43.18:727][150]LogAssetEditorManager: Opening Asset editor for LevelScriptBlueprint /Game/StarterContent/Maps/kulka.kulka:PersistentLevel.kulka
[2020.11.17-13.44.16:890][732]LogSavePackage: Moving '../../../../../../Users/Wojciech/Documents/WojciechSwierk/WojciechSwierk/Saved/kulka_Auto1999CBF1B4AF8C319D6C642A1D9E4C2B8.tmp' to '../../../../../../Users/Wojciech/Documents/WojciechSwierk/WojciechSwierk/Saved/Autosaves/Game/StarterContent/Maps/kulka_Auto1.umap'
[2020.11.17-13.44.16:928][732]LogFileHelpers: Editor autosave (incl. sublevels) for '/Game/StarterContent/Maps/kulka' took 0.802
[2020.11.17-13.44.16:929][732]LogFileHelpers: Editor autosave (incl. sublevels) for all levels took 0.802
[2020.11.17-13.48.55:577][609]LogEditorViewport: Clicking on Actor (LMB): StaticMeshActor (Floor)
[2020.11.17-13.48.56:082][618]LogSlate: FSceneViewport::OnFocusLost() reason 0
[2020.11.17-13.48.56:132][619]LogTemp: Repeating last play command: Selected Viewport
[2020.11.17-13.48.56:151][619]LogBlueprintUserMessages: Early PlayInEditor Detection: Level '/Game/StarterContent/Maps/kulka.kulka:PersistentLevel' has LevelScriptBlueprint '/Game/StarterContent/Maps/kulka.kulka:PersistentLevel.kulka' with GeneratedClass '/Game/StarterContent/Maps/kulka.kulka_C' with ClassGeneratedBy '/Game/StarterContent/Maps/kulka.kulka:PersistentLevel.kulka'
[2020.11.17-13.48.56:151][619]LogPlayLevel: PlayLevel: No blueprints needed recompiling
[2020.11.17-13.48.56:151][619]PIE: New page: PIE session: kulka (17 lis 2020, 15:48:56)
[2020.11.17-13.48.56:152][619]LogPlayLevel: Creating play world package: /Game/StarterContent/Maps/UEDPIE_0_kulka
[2020.11.17-13.48.56:157][619]LogPlayLevel: PIE: StaticDuplicateObject took: (0.005327s)
[2020.11.17-13.48.56:159][619]LogAIModule: Creating AISystem for world kulka
[2020.11.17-13.48.56:159][619]LogPlayLevel: PIE: World Init took: (0.002115s)
[2020.11.17-13.48.56:159][619]LogPlayLevel: PIE: Created PIE world by copying editor world from /Game/StarterContent/Maps/kulka.kulka to /Game/StarterContent/Maps/UEDPIE_0_kulka.kulka (0.007875s)
[2020.11.17-13.48.56:377][619]LogInit: XAudio2 using 'Głośniki / Słuchawki (Realtek High Definition Audio)' : 2 channels at 48 kHz using 32 bits per sample (channel mask 0x3)
[2020.11.17-13.48.56:500][619]LogInit: FAudioDevice initialized.
[2020.11.17-13.48.56:534][619]LogLoad: Game class is 'GameModeBase'
[2020.11.17-13.48.56:536][619]LogWorld: Bringing World /Game/StarterContent/Maps/UEDPIE_0_kulka.kulka up for play (max tick rate 0) at 2020.11.17-14.48.56
[2020.11.17-13.48.56:537][619]LogWorld: Bringing up level for play took: 0.001513
[2020.11.17-13.48.56:550][619]PIE: Play in editor start time for /Game/StarterContent/Maps/UEDPIE_0_kulka 0,526
[2020.11.17-13.48.56:551][619]LogBlueprintUserMessages: Late PlayInEditor Detection: Level '/Game/StarterContent/Maps/kulka.kulka:PersistentLevel' has LevelScriptBlueprint '/Game/StarterContent/Maps/kulka.kulka:PersistentLevel.kulka' with GeneratedClass '/Game/StarterContent/Maps/kulka.kulka_C' with ClassGeneratedBy '/Game/StarterContent/Maps/kulka.kulka:PersistentLevel.kulka'
[2020.11.17-13.49.00:025][744]LogBlueprintUserMessages: Early EndPlayMap Detection: Level '/Game/StarterContent/Maps/kulka.kulka:PersistentLevel' has LevelScriptBlueprint '/Game/StarterContent/Maps/kulka.kulka:PersistentLevel.kulka' with GeneratedClass '/Game/StarterContent/Maps/kulka.kulka_C' with ClassGeneratedBy '/Game/StarterContent/Maps/kulka.kulka:PersistentLevel.kulka'
[2020.11.17-13.49.00:026][744]LogSlate: Updating window title bar state: overlay mode, drag disabled, window buttons hidden, title bar hidden
[2020.11.17-13.49.00:089][744]LogPlayLevel: Display: Shutting down PIE online subsystems
[2020.11.17-13.49.00:089][744]LogBlueprintUserMessages: Late EndPlayMap Detection: Level '/Game/StarterContent/Maps/kulka.kulka:PersistentLevel' has LevelScriptBlueprint '/Game/StarterContent/Maps/kulka.kulka:PersistentLevel.kulka' with GeneratedClass '/Game/StarterContent/Maps/kulka.kulka_C' with ClassGeneratedBy '/Game/StarterContent/Maps/kulka.kulka:PersistentLevel.kulka'
[2020.11.17-13.49.00:135][744]LogSlate: Updating window title bar state: overlay mode, drag disabled, window buttons hidden, title bar hidden
[2020.11.17-13.49.00:179][745]LogPlayLevel: Display: Destroying online subsystem :Context_13
[2020.11.17-13.49.00:753][757]LogSlate: FSceneViewport::OnFocusLost() reason 0
[2020.11.17-13.49.00:802][758]LogTemp: Repeating last play command: Selected Viewport
[2020.11.17-13.49.00:820][758]LogBlueprintUserMessages: Early PlayInEditor Detection: Level '/Game/StarterContent/Maps/kulka.kulka:PersistentLevel' has LevelScriptBlueprint '/Game/StarterContent/Maps/kulka.kulka:PersistentLevel.kulka' with GeneratedClass '/Game/StarterContent/Maps/kulka.kulka_C' with ClassGeneratedBy '/Game/StarterContent/Maps/kulka.kulka:PersistentLevel.kulka'
[2020.11.17-13.49.00:821][758]LogPlayLevel: PlayLevel: No blueprints needed recompiling
[2020.11.17-13.49.00:821][758]PIE: New page: PIE session: kulka (17 lis 2020, 15:49:00)
[2020.11.17-13.49.00:821][758]LogPlayLevel: Creating play world package: /Game/StarterContent/Maps/UEDPIE_0_kulka
[2020.11.17-13.49.00:830][758]LogPlayLevel: PIE: StaticDuplicateObject took: (0.008331s)
[2020.11.17-13.49.00:831][758]LogAIModule: Creating AISystem for world kulka
[2020.11.17-13.49.00:831][758]LogPlayLevel: PIE: World Init took: (0.001117s)
[2020.11.17-13.49.00:831][758]LogPlayLevel: PIE: Created PIE world by copying editor world from /Game/StarterContent/Maps/kulka.kulka to /Game/StarterContent/Maps/UEDPIE_0_kulka.kulka (0.010109s)
[2020.11.17-13.49.01:040][758]LogInit: XAudio2 using 'Głośniki / Słuchawki (Realtek High Definition Audio)' : 2 channels at 48 kHz using 32 bits per sample (channel mask 0x3)
[2020.11.17-13.49.01:139][758]LogInit: FAudioDevice initialized.
[2020.11.17-13.49.01:174][758]LogLoad: Game class is 'GameModeBase'
[2020.11.17-13.49.01:175][758]LogWorld: Bringing World /Game/StarterContent/Maps/UEDPIE_0_kulka.kulka up for play (max tick rate 0) at 2020.11.17-14.49.01
[2020.11.17-13.49.01:175][758]LogWorld: Bringing up level for play took: 0.001168
[2020.11.17-13.49.01:190][758]PIE: Play in editor start time for /Game/StarterContent/Maps/UEDPIE_0_kulka 1,166
[2020.11.17-13.49.01:191][758]LogBlueprintUserMessages: Late PlayInEditor Detection: Level '/Game/StarterContent/Maps/kulka.kulka:PersistentLevel' has LevelScriptBlueprint '/Game/StarterContent/Maps/kulka.kulka:PersistentLevel.kulka' with GeneratedClass '/Game/StarterContent/Maps/kulka.kulka_C' with ClassGeneratedBy '/Game/StarterContent/Maps/kulka.kulka:PersistentLevel.kulka'
[2020.11.17-13.49.04:790][888]LogBlueprintUserMessages: Early EndPlayMap Detection: Level '/Game/StarterContent/Maps/kulka.kulka:PersistentLevel' has LevelScriptBlueprint '/Game/StarterContent/Maps/kulka.kulka:PersistentLevel.kulka' with GeneratedClass '/Game/StarterContent/Maps/kulka.kulka_C' with ClassGeneratedBy '/Game/StarterContent/Maps/kulka.kulka:PersistentLevel.kulka'
[2020.11.17-13.49.04:790][888]LogSlate: Updating window title bar state: overlay mode, drag disabled, window buttons hidden, title bar hidden
[2020.11.17-13.49.04:852][888]LogPlayLevel: Display: Shutting down PIE online subsystems
[2020.11.17-13.49.04:852][888]LogBlueprintUserMessages: Late EndPlayMap Detection: Level '/Game/StarterContent/Maps/kulka.kulka:PersistentLevel' has LevelScriptBlueprint '/Game/StarterContent/Maps/kulka.kulka:PersistentLevel.kulka' with GeneratedClass '/Game/StarterContent/Maps/kulka.kulka_C' with ClassGeneratedBy '/Game/StarterContent/Maps/kulka.kulka:PersistentLevel.kulka'
[2020.11.17-13.49.04:905][888]LogSlate: Updating window title bar state: overlay mode, drag disabled, window buttons hidden, title bar hidden
[2020.11.17-13.49.04:944][889]LogPlayLevel: Display: Destroying online subsystem :Context_14
[2020.11.17-13.49.05:924][909]LogSlate: FSceneViewport::OnFocusLost() reason 0
[2020.11.17-13.49.06:024][911]LogTemp: Repeating last play command: Selected Viewport
[2020.11.17-13.49.06:049][911]LogBlueprintUserMessages: Early PlayInEditor Detection: Level '/Game/StarterContent/Maps/kulka.kulka:PersistentLevel' has LevelScriptBlueprint '/Game/StarterContent/Maps/kulka.kulka:PersistentLevel.kulka' with GeneratedClass '/Game/StarterContent/Maps/kulka.kulka_C' with ClassGeneratedBy '/Game/StarterContent/Maps/kulka.kulka:PersistentLevel.kulka'
[2020.11.17-13.49.06:050][911]LogPlayLevel: PlayLevel: No blueprints needed recompiling
[2020.11.17-13.49.06:050][911]PIE: New page: PIE session: kulka (17 lis 2020, 15:49:06)
[2020.11.17-13.49.06:050][911]LogPlayLevel: Creating play world package: /Game/StarterContent/Maps/UEDPIE_0_kulka
[2020.11.17-13.49.06:057][911]LogPlayLevel: PIE: StaticDuplicateObject took: (0.007223s)
[2020.11.17-13.49.06:058][911]LogAIModule: Creating AISystem for world kulka
[2020.11.17-13.49.06:059][911]LogPlayLevel: PIE: World Init took: (0.001636s)
[2020.11.17-13.49.06:059][911]LogPlayLevel: PIE: Created PIE world by copying editor world from /Game/StarterContent/Maps/kulka.kulka to /Game/StarterContent/Maps/UEDPIE_0_kulka.kulka (0.009241s)
[2020.11.17-13.49.06:281][911]LogInit: XAudio2 using 'Głośniki / Słuchawki (Realtek High Definition Audio)' : 2 channels at 48 kHz using 32 bits per sample (channel mask 0x3)
[2020.11.17-13.49.06:381][911]LogInit: FAudioDevice initialized.
[2020.11.17-13.49.06:418][911]LogLoad: Game class is 'GameModeBase'
[2020.11.17-13.49.06:420][911]LogWorld: Bringing World /Game/StarterContent/Maps/UEDPIE_0_kulka.kulka up for play (max tick rate 0) at 2020.11.17-14.49.06
[2020.11.17-13.49.06:421][911]LogWorld: Bringing up level for play took: 0.001829
[2020.11.17-13.49.06:436][911]PIE: Play in editor start time for /Game/StarterContent/Maps/UEDPIE_0_kulka 0,412
[2020.11.17-13.49.06:437][911]LogBlueprintUserMessages: Late PlayInEditor Detection: Level '/Game/StarterContent/Maps/kulka.kulka:PersistentLevel' has LevelScriptBlueprint '/Game/StarterContent/Maps/kulka.kulka:PersistentLevel.kulka' with GeneratedClass '/Game/StarterContent/Maps/kulka.kulka_C' with ClassGeneratedBy '/Game/StarterContent/Maps/kulka.kulka:PersistentLevel.kulka'
[2020.11.17-13.49.14:004][186]LogBlueprintUserMessages: Early EndPlayMap Detection: Level '/Game/StarterContent/Maps/kulka.kulka:PersistentLevel' has LevelScriptBlueprint '/Game/StarterContent/Maps/kulka.kulka:PersistentLevel.kulka' with GeneratedClass '/Game/StarterContent/Maps/kulka.kulka_C' with ClassGeneratedBy '/Game/StarterContent/Maps/kulka.kulka:PersistentLevel.kulka'
[2020.11.17-13.49.14:004][186]LogSlate: Updating window title bar state: overlay mode, drag disabled, window buttons hidden, title bar hidden
[2020.11.17-13.49.14:070][186]LogPlayLevel: Display: Shutting down PIE online subsystems
[2020.11.17-13.49.14:071][186]LogBlueprintUserMessages: Late EndPlayMap Detection: Level '/Game/StarterContent/Maps/kulka.kulka:PersistentLevel' has LevelScriptBlueprint '/Game/StarterContent/Maps/kulka.kulka:PersistentLevel.kulka' with GeneratedClass '/Game/StarterContent/Maps/kulka.kulka_C' with ClassGeneratedBy '/Game/StarterContent/Maps/kulka.kulka:PersistentLevel.kulka'
[2020.11.17-13.49.14:112][186]LogSlate: Updating window title bar state: overlay mode, drag disabled, window buttons hidden, title bar hidden
[2020.11.17-13.49.14:161][187]LogPlayLevel: Display: Destroying online subsystem :Context_15
[2020.11.17-13.49.14:758][200]LogSlate: FSceneViewport::OnFocusLost() reason 0
[2020.11.17-13.49.15:367][212]LogTemp: Repeating last play command: Selected Viewport
[2020.11.17-13.49.15:390][212]LogBlueprintUserMessages: Early PlayInEditor Detection: Level '/Game/StarterContent/Maps/kulka.kulka:PersistentLevel' has LevelScriptBlueprint '/Game/StarterContent/Maps/kulka.kulka:PersistentLevel.kulka' with GeneratedClass '/Game/StarterContent/Maps/kulka.kulka_C' with ClassGeneratedBy '/Game/StarterContent/Maps/kulka.kulka:PersistentLevel.kulka'
[2020.11.17-13.49.15:390][212]LogPlayLevel: PlayLevel: No blueprints needed recompiling
[2020.11.17-13.49.15:391][212]PIE: New page: PIE session: kulka (17 lis 2020, 15:49:15)
[2020.11.17-13.49.15:391][212]LogPlayLevel: Creating play world package: /Game/StarterContent/Maps/UEDPIE_0_kulka
[2020.11.17-13.49.15:396][212]LogPlayLevel: PIE: StaticDuplicateObject took: (0.005573s)
[2020.11.17-13.49.15:397][212]LogAIModule: Creating AISystem for world kulka
[2020.11.17-13.49.15:398][212]LogPlayLevel: PIE: World Init took: (0.001367s)
[2020.11.17-13.49.15:398][212]LogPlayLevel: PIE: Created PIE world by copying editor world from /Game/StarterContent/Maps/kulka.kulka to /Game/StarterContent/Maps/UEDPIE_0_kulka.kulka (0.007330s)
[2020.11.17-13.49.15:618][212]LogInit: XAudio2 using 'Głośniki / Słuchawki (Realtek High Definition Audio)' : 2 channels at 48 kHz using 32 bits per sample (channel mask 0x3)
[2020.11.17-13.49.15:711][212]LogInit: FAudioDevice initialized.
[2020.11.17-13.49.15:744][212]LogLoad: Game class is 'GameModeBase'
[2020.11.17-13.49.15:746][212]LogWorld: Bringing World /Game/StarterContent/Maps/UEDPIE_0_kulka.kulka up for play (max tick rate 0) at 2020.11.17-14.49.15
[2020.11.17-13.49.15:746][212]LogWorld: Bringing up level for play took: 0.001403
[2020.11.17-13.49.15:760][212]PIE: Play in editor start time for /Game/StarterContent/Maps/UEDPIE_0_kulka -0,264
[2020.11.17-13.49.15:760][212]LogBlueprintUserMessages: Late PlayInEditor Detection: Level '/Game/StarterContent/Maps/kulka.kulka:PersistentLevel' has LevelScriptBlueprint '/Game/StarterContent/Maps/kulka.kulka:PersistentLevel.kulka' with GeneratedClass '/Game/StarterContent/Maps/kulka.kulka_C' with ClassGeneratedBy '/Game/StarterContent/Maps/kulka.kulka:PersistentLevel.kulka'
[2020.11.17-13.49.23:941][508]LogBlueprintUserMessages: Early EndPlayMap Detection: Level '/Game/StarterContent/Maps/kulka.kulka:PersistentLevel' has LevelScriptBlueprint '/Game/StarterContent/Maps/kulka.kulka:PersistentLevel.kulka' with GeneratedClass '/Game/StarterContent/Maps/kulka.kulka_C' with ClassGeneratedBy '/Game/StarterContent/Maps/kulka.kulka:PersistentLevel.kulka'
[2020.11.17-13.49.23:942][508]LogSlate: Updating window title bar state: overlay mode, drag disabled, window buttons hidden, title bar hidden
[2020.11.17-13.49.24:004][508]LogPlayLevel: Display: Shutting down PIE online subsystems
[2020.11.17-13.49.24:004][508]LogBlueprintUserMessages: Late EndPlayMap Detection: Level '/Game/StarterContent/Maps/kulka.kulka:PersistentLevel' has LevelScriptBlueprint '/Game/StarterContent/Maps/kulka.kulka:PersistentLevel.kulka' with GeneratedClass '/Game/StarterContent/Maps/kulka.kulka_C' with ClassGeneratedBy '/Game/StarterContent/Maps/kulka.kulka:PersistentLevel.kulka'
[2020.11.17-13.49.24:051][508]LogSlate: Updating window title bar state: overlay mode, drag disabled, window buttons hidden, title bar hidden
[2020.11.17-13.49.24:093][509]LogPlayLevel: Display: Destroying online subsystem :Context_16
[2020.11.17-13.49.26:386][550]LogEditorViewport: Clicking on Actor (LMB): StaticMeshActor (ball)
